<?xml version="1.0" encoding="UTF-8"?>
<testng-results skipped="0" failed="0" ignored="0" total="1" passed="1">
  <reporter-output>
  </reporter-output>
  <suite name="Default suite" duration-ms="18571" started-at="2019-10-01T23:17:03 EDT" finished-at="2019-10-01T23:17:21 EDT">
    <groups>
    </groups>
    <test name="Default test" duration-ms="18571" started-at="2019-10-01T23:17:03 EDT" finished-at="2019-10-01T23:17:21 EDT">
      <class name="com.edureka.JenkinsDemo.VerifyTitle">
        <test-method status="PASS" signature="openBrowser()[pri:0, instance:com.edureka.JenkinsDemo.VerifyTitle@1f554b06]" name="openBrowser" is-config="true" duration-ms="14402" started-at="2019-10-01T23:17:03 EDT" finished-at="2019-10-01T23:17:17 EDT">
          <reporter-output>
          </reporter-output>
        </test-method> <!-- openBrowser -->
        <test-method status="PASS" signature="verifyTitle()[pri:0, instance:com.edureka.JenkinsDemo.VerifyTitle@1f554b06]" name="verifyTitle" duration-ms="14" started-at="2019-10-01T23:17:17 EDT" finished-at="2019-10-01T23:17:17 EDT">
          <reporter-output>
          </reporter-output>
        </test-method> <!-- verifyTitle -->
        <test-method status="PASS" signature="closeBrowser()[pri:0, instance:com.edureka.JenkinsDemo.VerifyTitle@1f554b06]" name="closeBrowser" is-config="true" duration-ms="4112" started-at="2019-10-01T23:17:17 EDT" finished-at="2019-10-01T23:17:21 EDT">
          <reporter-output>
          </reporter-output>
        </test-method> <!-- closeBrowser -->
      </class> <!-- com.edureka.JenkinsDemo.VerifyTitle -->
    </test> <!-- Default test -->
  </suite> <!-- Default suite -->
</testng-results>
